0 info it worked if it ends with ok
1 verbose cli [ '/usr/bin/nodejs', '/usr/bin/npm', 'publish', '.' ]
2 info using npm@3.8.6
3 info using node@v5.11.1
4 verbose publish [ '.' ]
5 silly cache add args [ '.', null ]
6 verbose cache add spec .
7 silly cache add parsed spec Result {
7 silly cache add   raw: '.',
7 silly cache add   scope: null,
7 silly cache add   name: null,
7 silly cache add   rawSpec: '.',
7 silly cache add   spec: '/home/metin/Workspace/cytoscape.js-view-utilities',
7 silly cache add   type: 'directory' }
8 verbose addLocalDirectory /home/metin/.npm/cytoscape-view-utilities/1.0.5/package.tgz not in flight; packing
9 verbose correctMkdir /home/metin/.npm correctMkdir not in flight; initializing
10 info lifecycle cytoscape-view-utilities@1.0.5~prepublish: cytoscape-view-utilities@1.0.5
11 silly lifecycle cytoscape-view-utilities@1.0.5~prepublish: no script for prepublish, continuing
12 verbose tar pack [ '/home/metin/.npm/cytoscape-view-utilities/1.0.5/package.tgz',
12 verbose tar pack   '/home/metin/Workspace/cytoscape.js-view-utilities' ]
13 verbose tarball /home/metin/.npm/cytoscape-view-utilities/1.0.5/package.tgz
14 verbose folder /home/metin/Workspace/cytoscape.js-view-utilities
15 verbose addLocalTarball adding from inside cache /home/metin/.npm/cytoscape-view-utilities/1.0.5/package.tgz
16 verbose correctMkdir /home/metin/.npm correctMkdir not in flight; initializing
17 silly cache afterAdd cytoscape-view-utilities@1.0.5
18 verbose afterAdd /home/metin/.npm/cytoscape-view-utilities/1.0.5/package/package.json not in flight; writing
19 verbose correctMkdir /home/metin/.npm correctMkdir not in flight; initializing
20 verbose afterAdd /home/metin/.npm/cytoscape-view-utilities/1.0.5/package/package.json written
21 silly publish { name: 'cytoscape-view-utilities',
21 silly publish   version: '1.0.5',
21 silly publish   description: 'Package of view utilities for cytoscape.js',
21 silly publish   main: 'cytoscape-view-utilities.js',
21 silly publish   spm: { main: 'cytoscape-view-utilities.js' },
21 silly publish   scripts: { test: 'echo "Error: no test specified" && exit 1' },
21 silly publish   repository:
21 silly publish    { type: 'git',
21 silly publish      url: 'git+https://github.com/iVis-at-Bilkent/view-utilities.git' },
21 silly publish   keywords: [ 'cytoscape', 'cyext' ],
21 silly publish   license: 'MIT',
21 silly publish   bugs: { url: 'https://github.com/iVis-at-Bilkent/view-utilities/issues' },
21 silly publish   homepage: 'https://github.com/iVis-at-Bilkent/view-utilities',
21 silly publish   devDependencies:
21 silly publish    { browserify: '^11.2.0',
21 silly publish      gulp: '^3.9.0',
21 silly publish      'gulp-derequire': '^2.1.0',
21 silly publish      'gulp-jshint': '^1.11.2',
21 silly publish      'gulp-prompt': '^0.1.2',
21 silly publish      'gulp-replace': '^0.5.4',
21 silly publish      'gulp-shell': '^0.5.0',
21 silly publish      'gulp-util': '^3.0.6',
21 silly publish      'jshint-stylish': '^2.0.1',
21 silly publish      'node-notifier': '^4.3.1',
21 silly publish      'run-sequence': '^1.1.4',
21 silly publish      'vinyl-buffer': '^1.0.0',
21 silly publish      'vinyl-source-stream': '^1.1.0' },
21 silly publish   peerDependencies: { cytoscape: '^2.7.0', jquery: '^1.7.0 || ^2.0.0 || ^3.0.0' },
21 silly publish   readme: 'cytoscape-view-utilities\n================================================================================\n\n## Description\n\nA Cytoscape.js extension to provide miscellenaous view utilities such as highlighting nodes/edges, distributed under [The MIT License](https://opensource.org/licenses/MIT).\n\n## API\n\n`cy.viewUtilities(options)`\n\nInitializes the extension and sets options. This can be used to override default options.\n\n`eles.search(text, searchBy)`\n\nSearchs for `text` string. `searchBy` is temporary option for the search (and will be used as `searchBy(text)`) and if not specified default `searchBy` will be used. \n\n`eles.highlight()`\n\nHighlights eles & unhighlights others at first use.\n\n`eles.unhighlight()`\n\nJust unighlights eles.\n\n`eles.highlightNeighbors()`\n* Aliases: `eles.highlightNeighbours()`\n\nHighlights eles\' neighborhood & unhighlights others\' neighborhood at first use.\n\n`eles.unhighlightNeighbors()`\n* Aliases: `eles.unhighlightNeighbours()`\n\nJust unhighlights eles and their neighbors.\n\n`eles.removeHighlights()`\n\nRemove highlights & unhighlights from eles.\n\n`cy.removeHighlights()`\n\nRemove highlights & unhighlights from all eles.\n\n`eles.hideEles()`\n\nHides eles.\n\n`eles.showEles()`\n\nShows hidden eles.\n\n\n## Default Options\n```javascript\n            node: {\n                highlighted: {}, // styles for when nodes are highlighted.\n                unhighlighted: { // styles for when nodes are unhighlighted.\n                    \'opacity\': 0.3,\n                    \'text-opacity\': 0.3,\n                    \'background-opacity\': 0.3\n                }\n            },\n            edge: {\n                highlighted: {}, // styles for when edges are highlighted.\n                unhighlighted: { // styles for when edges are unhighlighted.\n                    \'border-opacity\': 0.3,\n                    \'text-opacity\': 0.3,\n                    \'background-opacity\': 0.3\n                }\n            },\n            searchBy: ["id"] // Array of data fields will a string be searched on or function which executes search.\n```\n\n\n## Default Undo-Redo Actions\n\n\n`ur.do("highlight", eles)`\n\n`ur.do("highlightNeighbors", eles)`\n`ur.do("highlightNeighbours", eles)`\n\n`ur.do("unhighlight", eles)`\n\n`ur.do("unhighlightNeighbors", eles)` \n`ur.do("unhighlightNeighbours", eles)`\n\n`ur.do("removeHighlights")`\n\n`ur.do("hide", eles)`\n\n`ur.do("show", eles)`\n\n## Dependencies\n\n * Cytoscape.js ^2.7.0\n * jQuery ^1.7.0 || ^2.0.0 || ^3.0.0\n * cytoscape-undo-redo.js ^1.0.8 (optional)\n\n\n## Usage instructions\n\nDownload the library:\n * via npm: `npm install cytoscape-view-utilities`,\n * via bower: `bower install cytoscape-view-utilities`, or\n * via direct download in the repository (probably from a tag).\n\n`require()` the library as appropriate for your project:\n\nCommonJS:\n```js\nvar cytoscape = require(\'cytoscape\');\nvar jquery = require(\'jquery\');\nvar viewUtilities = require(\'cytoscape-view-utilities\');\n\nviewUtilities( cytoscape, jquery ); // register extension\n```\n\nAMD:\n```js\nrequire([\'cytoscape\', \'cytoscape-view-utilities\'], function( cytoscape, view-utilities ){\n  view-utilities( cytoscape ); // register extension\n});\n```\n\nPlain HTML/JS has the extension registered for you automatically, because no `require()` is needed.\n\n\n## Publishing instructions\n\nThis project is set up to automatically be published to npm and bower.  To publish:\n\n1. Set the version number environment variable: `export VERSION=1.2.3`\n1. Publish: `gulp publish`\n1. If publishing to bower for the first time, you\'ll need to run `bower register cytoscape-view-utilities https://github.com/iVis-at-Bilkent/view-utilities.git`\n\n## Team\n\n  * [Selim Firat Yilmaz](https://github.com/mrsfy), [Metin Can Siper](https://github.com/metincansiper), [Ugur Dogrusoz](https://github.com/ugurdogrusoz) of [i-Vis at Bilkent University](http://www.cs.bilkent.edu.tr/~ivis)\n',
21 silly publish   readmeFilename: 'README.md',
21 silly publish   gitHead: '8e8888b074d0a0aa0b60e35f8c31bac7798c6075',
21 silly publish   _id: 'cytoscape-view-utilities@1.0.5',
21 silly publish   _shasum: 'f3c2f0711c6dd36aab57efbef7a1ffa94eaa0b3e',
21 silly publish   _from: '.' }
22 verbose getPublishConfig undefined
23 silly mapToRegistry name cytoscape-view-utilities
24 silly mapToRegistry using default registry
25 silly mapToRegistry registry https://registry.npmjs.org/
26 silly mapToRegistry data Result {
26 silly mapToRegistry   raw: 'cytoscape-view-utilities',
26 silly mapToRegistry   scope: null,
26 silly mapToRegistry   name: 'cytoscape-view-utilities',
26 silly mapToRegistry   rawSpec: '',
26 silly mapToRegistry   spec: 'latest',
26 silly mapToRegistry   type: 'tag' }
27 silly mapToRegistry uri https://registry.npmjs.org/cytoscape-view-utilities
28 verbose publish registryBase https://registry.npmjs.org/
29 silly publish uploading /home/metin/.npm/cytoscape-view-utilities/1.0.5/package.tgz
30 verbose request uri https://registry.npmjs.org/cytoscape-view-utilities
31 verbose request sending authorization for write operation
32 info attempt registry request try #1 at 12:04:15 PM
33 verbose request using bearer token for auth
34 verbose request id 4841bd8e5e661974
35 http request PUT https://registry.npmjs.org/cytoscape-view-utilities
36 http 403 https://registry.npmjs.org/cytoscape-view-utilities
37 verbose headers { 'content-type': 'application/json',
37 verbose headers   'cache-control': 'max-age=300',
37 verbose headers   'content-length': '95',
37 verbose headers   'accept-ranges': 'bytes',
37 verbose headers   date: 'Fri, 30 Sep 2016 09:04:17 GMT',
37 verbose headers   via: '1.1 varnish',
37 verbose headers   connection: 'keep-alive',
37 verbose headers   'x-served-by': 'cache-fra1235-FRA',
37 verbose headers   'x-cache': 'MISS',
37 verbose headers   'x-cache-hits': '0',
37 verbose headers   'x-timer': 'S1475226256.299491,VS0,VE1169',
37 verbose headers   vary: 'Accept-Encoding' }
38 verbose request invalidating /home/metin/.npm/registry.npmjs.org/cytoscape-view-utilities on PUT
39 error publish Failed PUT 403
40 verbose stack Error: "You cannot publish over the previously published version 1.0.5." : cytoscape-view-utilities
40 verbose stack     at makeError (/usr/lib/node_modules/npm/node_modules/npm-registry-client/lib/request.js:264:12)
40 verbose stack     at CachingRegistryClient.<anonymous> (/usr/lib/node_modules/npm/node_modules/npm-registry-client/lib/request.js:252:14)
40 verbose stack     at Request._callback (/usr/lib/node_modules/npm/node_modules/npm-registry-client/lib/request.js:172:14)
40 verbose stack     at Request.self.callback (/usr/lib/node_modules/npm/node_modules/request/request.js:199:22)
40 verbose stack     at emitTwo (events.js:100:13)
40 verbose stack     at Request.emit (events.js:185:7)
40 verbose stack     at Request.<anonymous> (/usr/lib/node_modules/npm/node_modules/request/request.js:1036:10)
40 verbose stack     at emitOne (events.js:95:20)
40 verbose stack     at Request.emit (events.js:182:7)
40 verbose stack     at IncomingMessage.<anonymous> (/usr/lib/node_modules/npm/node_modules/request/request.js:963:12)
41 verbose statusCode 403
42 verbose pkgid cytoscape-view-utilities
43 verbose cwd /home/metin/Workspace/cytoscape.js-view-utilities
44 error Linux 4.2.0-27-generic
45 error argv "/usr/bin/nodejs" "/usr/bin/npm" "publish" "."
46 error node v5.11.1
47 error npm  v3.8.6
48 error code E403
49 error "You cannot publish over the previously published version 1.0.5." : cytoscape-view-utilities
50 error If you need help, you may report this error at:
50 error     <https://github.com/npm/npm/issues>
51 verbose exit [ 1, true ]
